<?xml version="1.0" encoding="UTF-8"?>
<testsuite xmlns:xsi="http://www.w3.org/2001/XMLSchema-instance" xsi:noNamespaceSchemaLocation="https://maven.apache.org/surefire/maven-surefire-plugin/xsd/surefire-test-report-3.0.xsd" version="3.0" name="com.fulfilment.application.monolith.products.ProductEndpointTest" time="25.037" tests="1" errors="1" skipped="0" failures="0">
  <properties>
[...]
</properties>
  <testcase name="testCrudProduct" classname="com.fulfilment.application.monolith.products.ProductEndpointTest" time="0.015">
    <error message="java.lang.RuntimeException: Failed to start quarkus" type="java.lang.RuntimeException"><![CDATA[java.lang.RuntimeException: java.lang.RuntimeException: Failed to start quarkus
	at io.quarkus.test.junit.QuarkusTestExtension.throwBootFailureException(QuarkusTestExtension.java:634)
	at io.quarkus.test.junit.QuarkusTestExtension.interceptTestClassConstructor(QuarkusTestExtension.java:718)
	at java.base/java.util.Optional.orElseGet(Optional.java:364)
	at java.base/java.util.ArrayList.forEach(ArrayList.java:1511)
	at java.base/java.util.ArrayList.forEach(ArrayList.java:1511)
Caused by: java.lang.RuntimeException: Failed to start quarkus
	at io.quarkus.runner.ApplicationImpl.doStart(Unknown Source)
	at io.quarkus.runtime.Application.start(Application.java:101)
	at java.base/java.lang.reflect.Method.invoke(Method.java:568)
	at io.quarkus.runner.bootstrap.StartupActionImpl.run(StartupActionImpl.java:305)
	at io.quarkus.test.junit.QuarkusTestExtension.doJavaStart(QuarkusTestExtension.java:248)
	at io.quarkus.test.junit.QuarkusTestExtension.ensureStarted(QuarkusTestExtension.java:601)
	at io.quarkus.test.junit.QuarkusTestExtension.beforeAll(QuarkusTestExtension.java:651)
	... 1 more
Caused by: jakarta.persistence.PersistenceException: [PersistenceUnit: <default>] Unable to build Hibernate SessionFactory
	at io.quarkus.hibernate.orm.runtime.boot.FastBootEntityManagerFactoryBuilder.persistenceException(FastBootEntityManagerFactoryBuilder.java:129)
	at io.quarkus.hibernate.orm.runtime.boot.FastBootEntityManagerFactoryBuilder.build(FastBootEntityManagerFactoryBuilder.java:89)
	at io.quarkus.hibernate.orm.runtime.FastBootHibernatePersistenceProvider.createEntityManagerFactory(FastBootHibernatePersistenceProvider.java:72)
	at jakarta.persistence.Persistence.createEntityManagerFactory(Persistence.java:80)
	at jakarta.persistence.Persistence.createEntityManagerFactory(Persistence.java:55)
	at io.quarkus.hibernate.orm.runtime.JPAConfig$LazyPersistenceUnit.get(JPAConfig.java:154)
	at io.quarkus.hibernate.orm.runtime.JPAConfig$1.run(JPAConfig.java:61)
	at java.base/java.lang.Thread.run(Thread.java:833)
Caused by: org.hibernate.exception.DataException: Unable to open JDBC Connection for DDL execution [FATAL: invalid value for parameter "TimeZone": "Asia/Calcutta"] [n/a]
	at org.hibernate.exception.internal.SQLStateConversionDelegate.convert(SQLStateConversionDelegate.java:103)
	at org.hibernate.exception.internal.StandardSQLExceptionConverter.convert(StandardSQLExceptionConverter.java:58)
	at org.hibernate.engine.jdbc.spi.SqlExceptionHelper.convert(SqlExceptionHelper.java:108)
	at org.hibernate.engine.jdbc.spi.SqlExceptionHelper.convert(SqlExceptionHelper.java:94)
	at org.hibernate.resource.transaction.backend.jta.internal.DdlTransactionIsolatorJtaImpl.getIsolatedConnection(DdlTransactionIsolatorJtaImpl.java:77)
	at org.hibernate.tool.schema.internal.exec.GenerationTargetToDatabase.getIsolatedConnection(GenerationTargetToDatabase.java:60)
	at org.hibernate.tool.schema.internal.exec.GenerationTargetToDatabase.jdbcStatement(GenerationTargetToDatabase.java:112)
	at org.hibernate.tool.schema.internal.exec.GenerationTargetToDatabase.accept(GenerationTargetToDatabase.java:79)
	at org.hibernate.tool.schema.internal.Helper.applySqlString(Helper.java:233)
	at org.hibernate.tool.schema.internal.Helper.applySqlStrings(Helper.java:217)
	at org.hibernate.tool.schema.internal.SchemaDropperImpl.dropTables(SchemaDropperImpl.java:381)
	at org.hibernate.tool.schema.internal.SchemaDropperImpl.dropConstraintsTablesSequences(SchemaDropperImpl.java:253)
	at org.hibernate.tool.schema.internal.SchemaDropperImpl.dropFromMetadata(SchemaDropperImpl.java:215)
	at org.hibernate.tool.schema.internal.SchemaDropperImpl.performDrop(SchemaDropperImpl.java:185)
	at org.hibernate.tool.schema.internal.SchemaDropperImpl.doDrop(SchemaDropperImpl.java:155)
	at org.hibernate.tool.schema.internal.SchemaDropperImpl.doDrop(SchemaDropperImpl.java:115)
	at org.hibernate.tool.schema.spi.SchemaManagementToolCoordinator.performDatabaseAction(SchemaManagementToolCoordinator.java:238)
	at org.hibernate.tool.schema.spi.SchemaManagementToolCoordinator.lambda$process$5(SchemaManagementToolCoordinator.java:144)
	at java.base/java.util.HashMap.forEach(HashMap.java:1421)
	at org.hibernate.tool.schema.spi.SchemaManagementToolCoordinator.process(SchemaManagementToolCoordinator.java:141)
	at io.quarkus.hibernate.orm.runtime.observers.SessionFactoryObserverForSchemaExport.sessionFactoryCreated(SessionFactoryObserverForSchemaExport.java:21)
	at org.hibernate.internal.SessionFactoryObserverChain.sessionFactoryCreated(SessionFactoryObserverChain.java:35)
	at org.hibernate.internal.SessionFactoryImpl.<init>(SessionFactoryImpl.java:322)
	at io.quarkus.hibernate.orm.runtime.boot.FastBootEntityManagerFactoryBuilder.build(FastBootEntityManagerFactoryBuilder.java:87)
	... 6 more
Caused by: org.postgresql.util.PSQLException: FATAL: invalid value for parameter "TimeZone": "Asia/Calcutta"
	at org.postgresql.core.v3.QueryExecutorImpl.receiveErrorResponse(QueryExecutorImpl.java:2725)
	at org.postgresql.core.v3.QueryExecutorImpl.readStartupMessages(QueryExecutorImpl.java:2837)
	at org.postgresql.core.v3.QueryExecutorImpl.<init>(QueryExecutorImpl.java:175)
	at org.postgresql.core.v3.ConnectionFactoryImpl.openConnectionImpl(ConnectionFactoryImpl.java:317)
	at org.postgresql.core.ConnectionFactory.openConnection(ConnectionFactory.java:54)
	at org.postgresql.jdbc.PgConnection.<init>(PgConnection.java:273)
	at org.postgresql.Driver.makeConnection(Driver.java:446)
	at org.postgresql.Driver.connect(Driver.java:298)
	at io.agroal.pool.ConnectionFactory.createConnection(ConnectionFactory.java:225)
	at io.agroal.pool.ConnectionPool$CreateConnectionTask.call(ConnectionPool.java:580)
	at io.agroal.pool.ConnectionPool$CreateConnectionTask.call(ConnectionPool.java:561)
	at java.base/java.util.concurrent.FutureTask.run(FutureTask.java:264)
	at io.agroal.pool.util.PriorityScheduledExecutor.beforeExecute(PriorityScheduledExecutor.java:75)
	at java.base/java.util.concurrent.ThreadPoolExecutor.runWorker(ThreadPoolExecutor.java:1134)
	at java.base/java.util.concurrent.ThreadPoolExecutor$Worker.run(ThreadPoolExecutor.java:635)
	... 1 more
]]></error>
    <system-out><![CDATA[2026-07-23 20:01:33,615 INFO  [org.tes.doc.DockerClientProviderStrategy] (build-6) Loaded org.testcontainers.dockerclient.NpipeSocketClientProviderStrategy from ~/.testcontainers.properties, will try it first
2026-07-23 20:01:34,719 INFO  [org.tes.doc.DockerClientProviderStrategy] (build-6) Found Docker environment with local Npipe socket (npipe:////./pipe/docker_engine)
2026-07-23 20:01:34,732 INFO  [org.tes.DockerClientFactory] (build-6) Docker host IP address is localhost
2026-07-23 20:01:34,834 INFO  [org.tes.DockerClientFactory] (build-6) Connected to docker: 
  Server Version: 26.0.0
  API Version: 1.45
  Operating System: Docker Desktop
  Total Memory: 3856 MB
2026-07-23 20:01:34,899 INFO  [org.tes.ima.PullPolicy] (build-6) Image pull policy will be performed by: DefaultPullPolicy()
2026-07-23 20:01:34,905 INFO  [org.tes.uti.ImageNameSubstitutor] (build-6) Image name substitution will be performed by: DefaultImageNameSubstitutor (composite of 'ConfigurationFileImageNameSubstitutor' and 'PrefixingImageNameSubstitutor')
2026-07-23 20:01:34,925 INFO  [org.tes.DockerClientFactory] (build-6) Checking the system...
2026-07-23 20:01:34,928 INFO  [org.tes.DockerClientFactory] (build-6) ?? Docker server version should be at least 1.6.0
2026-07-23 20:01:35,170 INFO  [tc.doc.io/postgres:14] (build-6) Creating container for image: docker.io/postgres:14
2026-07-23 20:01:35,893 INFO  [org.tes.uti.RegistryAuthLocator] (build-6) Credential helper/store (docker-credential-desktop) does not have credentials for docker.io
2026-07-23 20:01:35,924 WARN  [tc.doc.io/postgres:14] (build-6) Reuse was requested but the environment does not support the reuse of containers
To enable reuse of containers, you must set 'testcontainers.reuse.enable=true' in a file located at C:\Users\ANTESH MUKHERJEE\.testcontainers.properties
2026-07-23 20:01:35,924 INFO  [tc.tes.7.0] (build-6) Creating container for image: testcontainers/ryuk:0.7.0
2026-07-23 20:01:36,050 INFO  [org.tes.uti.RegistryAuthLocator] (build-6) Credential helper/store (docker-credential-desktop) does not have credentials for https://index.docker.io/v1/
2026-07-23 20:01:36,268 INFO  [tc.tes.7.0] (build-6) Container testcontainers/ryuk:0.7.0 is starting: eb43a282b52589402ae0b162e77cdbdad38cee72765509333f297c6235c961f2
2026-07-23 20:01:36,934 INFO  [tc.tes.7.0] (build-6) Container testcontainers/ryuk:0.7.0 started in PT1.0099348S
2026-07-23 20:01:37,083 INFO  [tc.doc.io/postgres:14] (build-6) Container docker.io/postgres:14 is starting: 4b81f99c7c75a99bb88c22a88b449a952840e091689a747bd33fb700d902e5e2
2026-07-23 20:01:39,117 INFO  [tc.doc.io/postgres:14] (build-6) Container docker.io/postgres:14 started in PT3.9460663S
2026-07-23 20:01:39,118 INFO  [tc.doc.io/postgres:14] (build-6) Container is started (JDBC URL: jdbc:postgresql://localhost:56722/quarkus?loggerLevel=OFF)
2026-07-23 20:01:39,119 INFO  [io.qua.dev.pos.dep.PostgresqlDevServicesProcessor] (build-6) Dev Services for PostgreSQL started.
2026-07-23 20:01:39,120 INFO  [io.qua.dat.dep.dev.DevServicesDatasourceProcessor] (build-6) Dev Services for default datasource (postgresql) started - container ID is 4b81f99c7c75
2026-07-23 20:01:39,807 WARN  [io.qua.config] (main) Unrecognized configuration key "quarkus.openapi.generator.spec" was provided; it will be ignored; verify that the dependency extension for this configuration is set or that you did not make a typo
2026-07-23 20:01:39,807 WARN  [io.qua.config] (main) Unrecognized configuration key "quarkus.openapi.generator.base-package" was provided; it will be ignored; verify that the dependency extension for this configuration is set or that you did not make a typo
2026-07-23 20:01:45,065 WARN  [io.agr.pool] (agroal-11) Datasource '<default>': FATAL: invalid value for parameter "TimeZone": "Asia/Calcutta"
2026-07-23 20:01:45,072 WARN  [org.hib.eng.jdb.env.int.JdbcEnvironmentInitiator] (JPA Startup Thread) HHH000342: Could not obtain connection to query metadata: org.hibernate.exception.DataException: unable to obtain isolated JDBC connection
	at org.hibernate.exception.internal.SQLStateConversionDelegate.convert(SQLStateConversionDelegate.java:103)
	at org.hibernate.resource.transaction.backend.jta.internal.JtaIsolationDelegate.lambda$new$1(JtaIsolationDelegate.java:74)
	at org.hibernate.resource.transaction.backend.jta.internal.JtaIsolationDelegate.doTheWork(JtaIsolationDelegate.java:202)
	at org.hibernate.resource.transaction.backend.jta.internal.JtaIsolationDelegate.lambda$delegateWork$3(JtaIsolationDelegate.java:91)
	at org.hibernate.resource.transaction.backend.jta.internal.JtaIsolationDelegate.doInSuspendedTransaction(JtaIsolationDelegate.java:123)
	at org.hibernate.resource.transaction.backend.jta.internal.JtaIsolationDelegate.delegateWork(JtaIsolationDelegate.java:88)
	at org.hibernate.engine.jdbc.env.internal.JdbcEnvironmentInitiator.getJdbcEnvironmentUsingJdbcMetadata(JdbcEnvironmentInitiator.java:290)
	at org.hibernate.engine.jdbc.env.internal.JdbcEnvironmentInitiator.initiateService(JdbcEnvironmentInitiator.java:123)
	at org.hibernate.engine.jdbc.env.internal.JdbcEnvironmentInitiator.initiateService(JdbcEnvironmentInitiator.java:77)
	at org.hibernate.boot.registry.internal.StandardServiceRegistryImpl.initiateService(StandardServiceRegistryImpl.java:130)
	at org.hibernate.service.internal.AbstractServiceRegistryImpl.createService(AbstractServiceRegistryImpl.java:263)
	at org.hibernate.service.internal.AbstractServiceRegistryImpl.initializeService(AbstractServiceRegistryImpl.java:238)
	at org.hibernate.service.internal.AbstractServiceRegistryImpl.getService(AbstractServiceRegistryImpl.java:215)
	at org.hibernate.service.ServiceRegistry.requireService(ServiceRegistry.java:68)
	at org.hibernate.engine.jdbc.internal.JdbcServicesImpl.configure(JdbcServicesImpl.java:52)
	at org.hibernate.boot.registry.internal.StandardServiceRegistryImpl.configureService(StandardServiceRegistryImpl.java:136)
	at org.hibernate.service.internal.AbstractServiceRegistryImpl.initializeService(AbstractServiceRegistryImpl.java:247)
	at org.hibernate.service.internal.AbstractServiceRegistryImpl.getService(AbstractServiceRegistryImpl.java:215)
	at org.hibernate.service.ServiceRegistry.requireService(ServiceRegistry.java:68)
	at org.hibernate.boot.internal.SessionFactoryOptionsBuilder.<init>(SessionFactoryOptionsBuilder.java:287)
	at io.quarkus.hibernate.orm.runtime.recording.PrevalidatedQuarkusMetadata.buildSessionFactoryOptionsBuilder(PrevalidatedQuarkusMetadata.java:70)
	at io.quarkus.hibernate.orm.runtime.boot.FastBootEntityManagerFactoryBuilder.build(FastBootEntityManagerFactoryBuilder.java:84)
	at io.quarkus.hibernate.orm.runtime.FastBootHibernatePersistenceProvider.createEntityManagerFactory(FastBootHibernatePersistenceProvider.java:72)
	at jakarta.persistence.Persistence.createEntityManagerFactory(Persistence.java:80)
	at jakarta.persistence.Persistence.createEntityManagerFactory(Persistence.java:55)
	at io.quarkus.hibernate.orm.runtime.JPAConfig$LazyPersistenceUnit.get(JPAConfig.java:154)
	at io.quarkus.hibernate.orm.runtime.JPAConfig$1.run(JPAConfig.java:61)
	at java.base/java.lang.Thread.run(Thread.java:833)
Caused by: org.postgresql.util.PSQLException: FATAL: invalid value for parameter "TimeZone": "Asia/Calcutta"
	at org.postgresql.core.v3.QueryExecutorImpl.receiveErrorResponse(QueryExecutorImpl.java:2725)
	at org.postgresql.core.v3.QueryExecutorImpl.readStartupMessages(QueryExecutorImpl.java:2837)
	at org.postgresql.core.v3.QueryExecutorImpl.<init>(QueryExecutorImpl.java:175)
	at org.postgresql.core.v3.ConnectionFactoryImpl.openConnectionImpl(ConnectionFactoryImpl.java:317)
	at org.postgresql.core.ConnectionFactory.openConnection(ConnectionFactory.java:54)
	at org.postgresql.jdbc.PgConnection.<init>(PgConnection.java:273)
	at org.postgresql.Driver.makeConnection(Driver.java:446)
	at org.postgresql.Driver.connect(Driver.java:298)
	at io.agroal.pool.ConnectionFactory.createConnection(ConnectionFactory.java:225)
	at io.agroal.pool.ConnectionPool$CreateConnectionTask.call(ConnectionPool.java:580)
	at io.agroal.pool.ConnectionPool$CreateConnectionTask.call(ConnectionPool.java:561)
	at java.base/java.util.concurrent.FutureTask.run(FutureTask.java:264)
	at io.agroal.pool.util.PriorityScheduledExecutor.beforeExecute(PriorityScheduledExecutor.java:75)
	at java.base/java.util.concurrent.ThreadPoolExecutor.runWorker(ThreadPoolExecutor.java:1134)
	at java.base/java.util.concurrent.ThreadPoolExecutor$Worker.run(ThreadPoolExecutor.java:635)
	... 1 more

&amp#27;[35m[Hibernate]&amp#27;[0m 
    &amp#27;[34mdrop&amp#27;[0m &amp#27;[34mtable&amp#27;[0m &amp#27;[34mif&amp#27;[0m &amp#27;[34mexists&amp#27;[0m Product &amp#27;[34mcascade&amp#27;[0m
2026-07-23 20:01:46,550 WARN  [io.agr.pool] (agroal-11) Datasource '<default>': FATAL: invalid value for parameter "TimeZone": "Asia/Calcutta"
2026-07-23 20:01:46,551 WARN  [org.hib.eng.jdb.spi.SqlExceptionHelper] (JPA Startup Thread) SQL Error: 0, SQLState: 22023
2026-07-23 20:01:46,551 ERROR [org.hib.eng.jdb.spi.SqlExceptionHelper] (JPA Startup Thread) FATAL: invalid value for parameter "TimeZone": "Asia/Calcutta"
]]></system-out>
  </testcase>
</testsuite>